<?xml version="1.0" encoding="UTF-8"?>
<!-- Generated by org.testng.reporters.JUnitReportReporter -->
<testsuite hostname="DESKTOP-TIC5DM4" failures="0" tests="2" name="Test.MainTest" time="25.774" errors="0" timestamp="2024-06-18T15:49:30 IST" skipped="0">
  <testcase classname="Test.MainTest" name="testInvalidLogin" time="11.484"/>
  <system-out/>
  <testcase classname="Test.MainTest" name="TestingFunctionalities" time="14.290"/>
  <system-out/>
</testsuite> <!-- Test.MainTest -->
