<?xml version="1.0" encoding="UTF-8"?>
<!-- Generated by org.testng.reporters.JUnitReportReporter -->
<testsuite hostname="DESKTOP-KI1R593" failures="0" tests="1" name="Test.MainTest" time="1.315" errors="0" timestamp="2024-06-15T21:02:46 IST" skipped="0">
  <testcase classname="Test.MainTest" name="testInvalidLogin" time="1.315"/>
  <system-out/>
</testsuite> <!-- Test.MainTest -->
