<?xml version="1.0" encoding="UTF-8"?>
<!-- Generated by org.testng.reporters.JUnitReportReporter -->
<testsuite hostname="TT" failures="0" tests="2" name="Test.MainTest" time="47.672" errors="0" timestamp="2024-06-17T13:56:13 IST" skipped="0">
  <testcase classname="Test.MainTest" name="testInvalidLogin" time="4.592"/>
  <system-out/>
  <testcase classname="Test.MainTest" name="TestingFunctionalities" time="43.080"/>
  <system-out/>
</testsuite> <!-- Test.MainTest -->
