<?xml version="1.0" encoding="UTF-8"?>
<!-- Generated by org.testng.reporters.JUnitReportReporter -->
<testsuite hostname="TT" failures="0" tests="3" name="Test.MainTest" time="35.029" errors="0" timestamp="2024-06-19T01:40:49 IST" skipped="0">
  <testcase classname="Test.MainTest" name="testInvalidLogin" time="15.935"/>
  <system-out/>
  <testcase classname="Test.MainTest" name="testGetStatusCode" time="6.808"/>
  <system-out/>
  <testcase classname="Test.MainTest" name="TestingFunctionalities" time="12.286"/>
  <system-out/>
</testsuite> <!-- Test.MainTest -->
