<?xml version="1.0" encoding="UTF-8"?>
<!-- Generated by org.testng.reporters.JUnitReportReporter -->
<testsuite hostname="TT" failures="0" tests="2" name="Test.MainTest" time="45.361" errors="0" timestamp="2024-06-17T10:37:33 IST" skipped="0">
  <testcase classname="Test.MainTest" name="TestingFunctionalities" time="39.327"/>
  <system-out/>
  <testcase classname="Test.MainTest" name="testInvalidLogin" time="6.034"/>
  <system-out/>
</testsuite> <!-- Test.MainTest -->
